0 info it worked if it ends with ok
1 verbose cli [ 'C:\\Program Files\\nodejs\\node.exe',
1 verbose cli   'C:\\Program Files\\nodejs\\node_modules\\npm\\bin\\npm-cli.js',
1 verbose cli   'run-script',
1 verbose cli   'e2e' ]
2 info using npm@3.10.8
3 info using node@v6.9.1
4 verbose run-script [ 'pree2e', 'e2e', 'poste2e' ]
5 info lifecycle Cameo_test@0.0.1~pree2e: Cameo_test@0.0.1
6 silly lifecycle Cameo_test@0.0.1~pree2e: no script for pree2e, continuing
7 info lifecycle Cameo_test@0.0.1~e2e: Cameo_test@0.0.1
8 verbose lifecycle Cameo_test@0.0.1~e2e: unsafe-perm in lifecycle true
9 verbose lifecycle Cameo_test@0.0.1~e2e: PATH: C:\Program Files\nodejs\node_modules\npm\bin\node-gyp-bin;D:\Projects\Task\node_modules\.bin;C:\ProgramData\Oracle\Java\javapath;C:\WINDOWS\system32;C:\WINDOWS;C:\WINDOWS\System32\Wbem;C:\WINDOWS\System32\WindowsPowerShell\v1.0\;C:\Program Files\Git\bin;C:\Program Files\Java\jdk1.8.0_111\bin;C:\Program Files\nodejs;C:\Python27;C:\Users\Volha_Shut\AppData\Local\Microsoft\WindowsApps;C:\Users\Volha_Shut\AppData\Roaming\npm;C:\Program Files (x86)\Microsoft VS Code\bin
10 verbose lifecycle Cameo_test@0.0.1~e2e: CWD: D:\Projects\Task
11 silly lifecycle Cameo_test@0.0.1~e2e: Args: [ '/d /s /c', 'protractor protractor.config.js' ]
12 silly lifecycle Cameo_test@0.0.1~e2e: Returned: code: 1  signal: null
13 info lifecycle Cameo_test@0.0.1~e2e: Failed to exec e2e script
14 verbose stack Error: Cameo_test@0.0.1 e2e: `protractor protractor.config.js`
14 verbose stack Exit status 1
14 verbose stack     at EventEmitter.<anonymous> (C:\Program Files\nodejs\node_modules\npm\lib\utils\lifecycle.js:255:16)
14 verbose stack     at emitTwo (events.js:106:13)
14 verbose stack     at EventEmitter.emit (events.js:191:7)
14 verbose stack     at ChildProcess.<anonymous> (C:\Program Files\nodejs\node_modules\npm\lib\utils\spawn.js:40:14)
14 verbose stack     at emitTwo (events.js:106:13)
14 verbose stack     at ChildProcess.emit (events.js:191:7)
14 verbose stack     at maybeClose (internal/child_process.js:877:16)
14 verbose stack     at Process.ChildProcess._handle.onexit (internal/child_process.js:226:5)
15 verbose pkgid Cameo_test@0.0.1
16 verbose cwd D:\Projects\Task
17 error Windows_NT 10.0.14393
18 error argv "C:\\Program Files\\nodejs\\node.exe" "C:\\Program Files\\nodejs\\node_modules\\npm\\bin\\npm-cli.js" "run-script" "e2e"
19 error node v6.9.1
20 error npm  v3.10.8
21 error code ELIFECYCLE
22 error Cameo_test@0.0.1 e2e: `protractor protractor.config.js`
22 error Exit status 1
23 error Failed at the Cameo_test@0.0.1 e2e script 'protractor protractor.config.js'.
23 error Make sure you have the latest version of node.js and npm installed.
23 error If you do, this is most likely a problem with the Cameo_test package,
23 error not with npm itself.
23 error Tell the author that this fails on your system:
23 error     protractor protractor.config.js
23 error You can get information on how to open an issue for this project with:
23 error     npm bugs Cameo_test
23 error Or if that isn't available, you can get their info via:
23 error     npm owner ls Cameo_test
23 error There is likely additional logging output above.
24 verbose exit [ 1, true ]
